{"ts":"2025-10-24T12:51:45.173Z","userId":2152,"firstName":"Christofer","lastName":"Ambrocio Aguilar","email":"ca23770@students.hcde.org","grade":12,"before":"4,28,3,14,25","after":"18,28,3,25,4"}
{"ts":"2025-10-24T12:56:37.095Z","userId":2280,"firstName":"Fernando","lastName":"Perez Chavez","email":"fp25817@students.hcde.org","grade":12,"before":null,"after":"7,19,25,36,20"}
{"ts":"2025-10-24T12:59:28.017Z","userId":2116,"firstName":"Madison","lastName":"Spainhower","email":"ms31429@students.hcde.org","grade":11,"before":null,"after":"25,2,7,18,28"}
{"ts":"2025-10-24T13:14:02.227Z","userId":1748,"firstName":"Cristian","lastName":"Piche","email":"cp50403@students.hcde.org","grade":9,"before":"14,19,28,29,31","after":"19,14,28,29,7"}
{"ts":"2025-10-24T13:14:42.135Z","userId":1780,"firstName":"Nora","lastName":"Thompson","email":"nt82432@students.hcde.org","grade":9,"before":"19,25,11,14,28","after":"28,14,25,11,10"}
{"ts":"2025-10-24T13:50:58.416Z","userId":2157,"firstName":"Isabel","lastName":"Barnett","email":"ib28069@students.hcde.org","grade":12,"before":null,"after":"30,28,11,20,3"}
{"ts":"2025-10-24T14:08:32.745Z","userId":2198,"firstName":"Claritza","lastName":"Flores","email":"cf30769@students.hcde.org","grade":12,"before":"28,25,20,12,9","after":"12,20,25,28,30"}
{"ts":"2025-10-24T14:11:42.748Z","userId":2167,"firstName":"Omari","lastName":"Carroll","email":"oc79319@students.hcde.org","grade":12,"before":"7,26,14,19,36","after":"7,36,19,12,26"}
{"ts":"2025-10-24T14:15:20.309Z","userId":1674,"firstName":"Mya","lastName":"Hampton","email":"mh50096@students.hcde.org","grade":9,"before":null,"after":"7,20,13,30,22"}
{"ts":"2025-10-24T14:17:20.192Z","userId":2289,"firstName":"Mason","lastName":"Russell","email":"mr27866@students.hcde.org","grade":12,"before":null,"after":"4,7,19,33,36"}
{"ts":"2025-10-24T14:19:36.668Z","userId":2289,"firstName":"Mason","lastName":"Russell","email":"mr27866@students.hcde.org","grade":12,"before":"4,7,19,33,36","after":"7,19,4,33,36"}
{"ts":"2025-10-24T14:21:07.741Z","userId":3489,"firstName":"Caleb","lastName":"Boring","email":"cb24227@students.hcde.org","grade":11,"before":null,"after":"2,3,23,28,19"}
{"ts":"2025-10-24T14:21:09.110Z","userId":2060,"firstName":"Jayden","lastName":"Manghane","email":"jm37279@students.hcde.org","grade":11,"before":"14,18,28,31,36","after":"36,25,18,19,31"}
{"ts":"2025-10-24T14:21:29.485Z","userId":2270,"firstName":"Martez","lastName":"Moorer","email":"mm30689@students.hcde.org","grade":12,"before":"36,25,31,28,30","after":"36,19,28,25,7"}
{"ts":"2025-10-24T14:21:54.014Z","userId":3395,"firstName":"Alivia","lastName":"James","email":"aj12244@students.hcde.org","grade":10,"before":null,"after":"3,18,22,28,30"}
{"ts":"2025-10-24T14:22:42.738Z","userId":2289,"firstName":"Mason","lastName":"Russell","email":"mr27866@students.hcde.org","grade":12,"before":"7,19,4,33,36","after":"7,19,4,20,36"}
{"ts":"2025-10-24T14:22:43.031Z","userId":2264,"firstName":"Taylor","lastName":"McDuffie","email":"tm25814@students.hcde.org","grade":12,"before":null,"after":"19,7,36,28,31"}
{"ts":"2025-10-24T14:23:02.454Z","userId":3489,"firstName":"Caleb","lastName":"Boring","email":"cb24227@students.hcde.org","grade":11,"before":"2,3,23,28,19","after":"2,3,23,28,19"}
{"ts":"2025-10-24T14:23:02.579Z","userId":2207,"firstName":"Jaiden","lastName":"Gilbert","email":"jg29938@students.hcde.org","grade":12,"before":null,"after":"7,19,28,31,36"}
{"ts":"2025-10-24T14:23:30.594Z","userId":2264,"firstName":"Taylor","lastName":"McDuffie","email":"tm25814@students.hcde.org","grade":12,"before":"19,7,36,28,31","after":"19,7,36,28,31"}
{"ts":"2025-10-24T14:23:56.362Z","userId":1980,"firstName":"Jordan","lastName":"Braswell","email":"jb27582@students.hcde.org","grade":11,"before":null,"after":"14,3,20,23,28"}
{"ts":"2025-10-24T14:24:38.377Z","userId":3489,"firstName":"Caleb","lastName":"Boring","email":"cb24227@students.hcde.org","grade":11,"before":"2,3,23,28,19","after":"2,3,23,28,19"}
{"ts":"2025-10-24T14:24:48.847Z","userId":2225,"firstName":"Brandon","lastName":"Jackson","email":"bj30747@students.hcde.org","grade":12,"before":null,"after":"3,28,31,5,13"}
{"ts":"2025-10-24T14:26:11.289Z","userId":2215,"firstName":"Jackson","lastName":"Haines","email":"jh9110369@students.hcde.org","grade":12,"before":"4,7,14,19,28","after":"7,19,36,14,4"}
{"ts":"2025-10-24T14:26:57.274Z","userId":2170,"firstName":"Jawon","lastName":"Cooper","email":"jc23627@students.hcde.org","grade":12,"before":null,"after":"7,19,25,31,36"}
{"ts":"2025-10-24T14:27:25.872Z","userId":2250,"firstName":"Heliana","lastName":"Maldonado","email":"hm96284@students.hcde.org","grade":12,"before":"11,30,20,13,22","after":"13,30,20,7,11"}
{"ts":"2025-10-24T14:27:42.712Z","userId":3395,"firstName":"Alivia","lastName":"James","email":"aj12244@students.hcde.org","grade":10,"before":"3,18,22,28,30","after":"3,18,22,28,30"}
{"ts":"2025-10-24T14:27:53.109Z","userId":2215,"firstName":"Jackson","lastName":"Haines","email":"jh9110369@students.hcde.org","grade":12,"before":"7,19,36,14,4","after":"7,19,36,9,14"}
{"ts":"2025-10-24T14:28:00.399Z","userId":2217,"firstName":"Journee'","lastName":"Harris","email":"jh29934@students.hcde.org","grade":12,"before":null,"after":"3,28,31,5,13"}
{"ts":"2025-10-24T14:29:16.601Z","userId":3295,"firstName":"Kayden","lastName":"Vanzant","email":"kv98875@students.hcde.org","grade":9,"before":null,"after":"13,14,23,30,36"}
{"ts":"2025-10-24T14:30:17.638Z","userId":2326,"firstName":"Yahir","lastName":"Zuniga","email":"yz26444@students.hcde.org","grade":12,"before":"7,14,33,28,4","after":"7,19,14,28,33"}
{"ts":"2025-10-24T14:31:01.336Z","userId":1896,"firstName":"Meredith","lastName":"Maldonado Ruiz","email":"mm38433@students.hcde.org","grade":10,"before":"11,30,20,13,22","after":"13,30,20,7,9"}
{"ts":"2025-10-24T14:33:39.793Z","userId":3502,"firstName":"Artorius","lastName":"Chitty","email":"ac78308@students.hcde.org","grade":11,"before":null,"after":"36,14,19,31,5"}
{"ts":"2025-10-24T15:06:19.288Z","userId":2246,"firstName":"Nyla","lastName":"Lucas","email":"nl32836@students.hcde.org","grade":12,"before":"10,13,3,28,18","after":"13,3,20,30,10"}
